<?xml version="1.0" encoding="UTF-8"?>
<testng-results ignored="0" total="10" passed="10" failed="0" skipped="0">
  <reporter-output>
  </reporter-output>
  <suite started-at="2025-09-03T22:40:21 IST" name="Default suite" finished-at="2025-09-03T22:41:44 IST" duration-ms="83272">
    <groups>
      <group name="cucumber">
        <method signature="AbstractTestNGCucumberTests.runScenario(io.cucumber.testng.PickleWrapper,io.cucumber.testng.FeatureWrapper)[pri:0, instance:Myshop.TestRunner1@71e9ddb4]" name="runScenario" class="io.cucumber.testng.AbstractTestNGCucumberTests"/>
      </group> <!-- cucumber -->
    </groups>
    <test started-at="2025-09-03T22:40:21 IST" name="Default test" finished-at="2025-09-03T22:41:44 IST" duration-ms="83272">
      <class name="Myshop.TestRunner1">
        <test-method is-config="true" signature="setUpClass(org.testng.ITestContext)[pri:0, instance:Myshop.TestRunner1@71e9ddb4]" started-at="2025-09-03T22:40:21 IST" name="setUpClass" finished-at="2025-09-03T22:40:22 IST" duration-ms="972" status="PASS">
          <params>
            <param index="0">
              <value>
                <![CDATA[org.testng.TestRunner@6ecc02bb]]>
              </value>
            </param>
          </params>
          <reporter-output>
          </reporter-output>
        </test-method> <!-- setUpClass -->
        <test-method signature="runScenario(io.cucumber.testng.PickleWrapper,io.cucumber.testng.FeatureWrapper)[pri:0, instance:Myshop.TestRunner1@71e9ddb4]" started-at="2025-09-03T22:40:22 IST" name="runScenario" description="Runs Cucumber Scenarios" data-provider="scenarios" finished-at="2025-09-03T22:40:28 IST" duration-ms="6789" status="PASS">
          <params>
            <param index="0">
              <value>
                <![CDATA["user registration"]]>
              </value>
            </param>
            <param index="1">
              <value>
                <![CDATA["user is able to login or not in the Myshop website"]]>
              </value>
            </param>
          </params>
          <reporter-output>
          </reporter-output>
        </test-method> <!-- runScenario -->
        <test-method signature="runScenario(io.cucumber.testng.PickleWrapper,io.cucumber.testng.FeatureWrapper)[pri:0, instance:Myshop.TestRunner1@71e9ddb4]" started-at="2025-09-03T22:40:28 IST" name="runScenario" description="Runs Cucumber Scenarios" data-provider="scenarios" finished-at="2025-09-03T22:40:32 IST" duration-ms="3837" status="PASS">
          <params>
            <param index="0">
              <value>
                <![CDATA["product search"]]>
              </value>
            </param>
            <param index="1">
              <value>
                <![CDATA["user is able to search items in the Myshop website"]]>
              </value>
            </param>
          </params>
          <reporter-output>
          </reporter-output>
        </test-method> <!-- runScenario -->
        <test-method signature="runScenario(io.cucumber.testng.PickleWrapper,io.cucumber.testng.FeatureWrapper)[pri:0, instance:Myshop.TestRunner1@71e9ddb4]" started-at="2025-09-03T22:40:32 IST" name="runScenario" description="Runs Cucumber Scenarios" data-provider="scenarios" finished-at="2025-09-03T22:40:37 IST" duration-ms="4740" status="PASS">
          <params>
            <param index="0">
              <value>
                <![CDATA["product search by catogory"]]>
              </value>
            </param>
            <param index="1">
              <value>
                <![CDATA["user is able to search items by categories in the Myshop website"]]>
              </value>
            </param>
          </params>
          <reporter-output>
          </reporter-output>
        </test-method> <!-- runScenario -->
        <test-method signature="runScenario(io.cucumber.testng.PickleWrapper,io.cucumber.testng.FeatureWrapper)[pri:0, instance:Myshop.TestRunner1@71e9ddb4]" started-at="2025-09-03T22:40:37 IST" name="runScenario" description="Runs Cucumber Scenarios" data-provider="scenarios" finished-at="2025-09-03T22:40:57 IST" duration-ms="19531" status="PASS">
          <params>
            <param index="0">
              <value>
                <![CDATA["Get product details"]]>
              </value>
            </param>
            <param index="1">
              <value>
                <![CDATA["User is able to view product details in the Myshop website"]]>
              </value>
            </param>
          </params>
          <reporter-output>
          </reporter-output>
        </test-method> <!-- runScenario -->
        <test-method signature="runScenario(io.cucumber.testng.PickleWrapper,io.cucumber.testng.FeatureWrapper)[pri:0, instance:Myshop.TestRunner1@71e9ddb4]" started-at="2025-09-03T22:40:57 IST" name="runScenario" description="Runs Cucumber Scenarios" data-provider="scenarios" finished-at="2025-09-03T22:41:07 IST" duration-ms="10816" status="PASS">
          <params>
            <param index="0">
              <value>
                <![CDATA["add to cart"]]>
              </value>
            </param>
            <param index="1">
              <value>
                <![CDATA["User is able to items add to cart in the Myshop website"]]>
              </value>
            </param>
          </params>
          <reporter-output>
          </reporter-output>
        </test-method> <!-- runScenario -->
        <test-method signature="runScenario(io.cucumber.testng.PickleWrapper,io.cucumber.testng.FeatureWrapper)[pri:0, instance:Myshop.TestRunner1@71e9ddb4]" started-at="2025-09-03T22:41:07 IST" name="runScenario" description="Runs Cucumber Scenarios" data-provider="scenarios" finished-at="2025-09-03T22:41:13 IST" duration-ms="5590" status="PASS">
          <params>
            <param index="0">
              <value>
                <![CDATA["add to cart and checkout"]]>
              </value>
            </param>
            <param index="1">
              <value>
                <![CDATA["User is able to items add to cart and checkout in the Myshop website"]]>
              </value>
            </param>
          </params>
          <reporter-output>
          </reporter-output>
        </test-method> <!-- runScenario -->
        <test-method signature="runScenario(io.cucumber.testng.PickleWrapper,io.cucumber.testng.FeatureWrapper)[pri:0, instance:Myshop.TestRunner1@71e9ddb4]" started-at="2025-09-03T22:41:13 IST" name="runScenario" description="Runs Cucumber Scenarios" data-provider="scenarios" finished-at="2025-09-03T22:41:20 IST" duration-ms="6641" status="PASS">
          <params>
            <param index="0">
              <value>
                <![CDATA["User able to click on links"]]>
              </value>
            </param>
            <param index="1">
              <value>
                <![CDATA["User is able navigate the links or not in the Myshop website"]]>
              </value>
            </param>
          </params>
          <reporter-output>
          </reporter-output>
        </test-method> <!-- runScenario -->
        <test-method signature="runScenario(io.cucumber.testng.PickleWrapper,io.cucumber.testng.FeatureWrapper)[pri:0, instance:Myshop.TestRunner1@71e9ddb4]" started-at="2025-09-03T22:41:20 IST" name="runScenario" description="Runs Cucumber Scenarios" data-provider="scenarios" finished-at="2025-09-03T22:41:25 IST" duration-ms="5630" status="PASS">
          <params>
            <param index="0">
              <value>
                <![CDATA["Mobile Repair Spare"]]>
              </value>
            </param>
            <param index="1">
              <value>
                <![CDATA["User is able check Mobile Repair spare in the Myshop website"]]>
              </value>
            </param>
          </params>
          <reporter-output>
          </reporter-output>
        </test-method> <!-- runScenario -->
        <test-method signature="runScenario(io.cucumber.testng.PickleWrapper,io.cucumber.testng.FeatureWrapper)[pri:0, instance:Myshop.TestRunner1@71e9ddb4]" started-at="2025-09-03T22:41:25 IST" name="runScenario" description="Runs Cucumber Scenarios" data-provider="scenarios" finished-at="2025-09-03T22:41:37 IST" duration-ms="12048" status="PASS">
          <params>
            <param index="0">
              <value>
                <![CDATA["wishlist"]]>
              </value>
            </param>
            <param index="1">
              <value>
                <![CDATA["User is able check wishlist in the Myshop website"]]>
              </value>
            </param>
          </params>
          <reporter-output>
          </reporter-output>
        </test-method> <!-- runScenario -->
        <test-method signature="runScenario(io.cucumber.testng.PickleWrapper,io.cucumber.testng.FeatureWrapper)[pri:0, instance:Myshop.TestRunner1@71e9ddb4]" started-at="2025-09-03T22:41:37 IST" name="runScenario" description="Runs Cucumber Scenarios" data-provider="scenarios" finished-at="2025-09-03T22:41:44 IST" duration-ms="6452" status="PASS">
          <params>
            <param index="0">
              <value>
                <![CDATA["compare"]]>
              </value>
            </param>
            <param index="1">
              <value>
                <![CDATA["User is able see compare in the Myshop website"]]>
              </value>
            </param>
          </params>
          <reporter-output>
          </reporter-output>
        </test-method> <!-- runScenario -->
        <test-method is-config="true" signature="tearDownClass()[pri:0, instance:Myshop.TestRunner1@71e9ddb4]" started-at="2025-09-03T22:41:44 IST" name="tearDownClass" finished-at="2025-09-03T22:41:44 IST" duration-ms="128" status="PASS">
          <reporter-output>
          </reporter-output>
        </test-method> <!-- tearDownClass -->
      </class> <!-- Myshop.TestRunner1 -->
    </test> <!-- Default test -->
  </suite> <!-- Default suite -->
</testng-results>
