<?xml version="1.0" encoding="UTF-8"?>
<testng-results ignored="0" total="10" passed="10" failed="0" skipped="0">
  <reporter-output>
  </reporter-output>
  <suite started-at="2025-09-06T14:30:11 IST" name="Default suite" finished-at="2025-09-06T14:31:29 IST" duration-ms="77306">
    <groups>
      <group name="cucumber">
        <method signature="AbstractTestNGCucumberTests.runScenario(io.cucumber.testng.PickleWrapper,io.cucumber.testng.FeatureWrapper)[pri:0, instance:Open_Cart.TestRunner@71e9ddb4]" name="runScenario" class="io.cucumber.testng.AbstractTestNGCucumberTests"/>
      </group> <!-- cucumber -->
    </groups>
    <test started-at="2025-09-06T14:30:11 IST" name="Default test" finished-at="2025-09-06T14:31:29 IST" duration-ms="77306">
      <class name="Open_Cart.TestRunner">
        <test-method is-config="true" signature="setUpClass(org.testng.ITestContext)[pri:0, instance:Open_Cart.TestRunner@71e9ddb4]" started-at="2025-09-06T14:30:11 IST" name="setUpClass" finished-at="2025-09-06T14:30:12 IST" duration-ms="1009" status="PASS">
          <params>
            <param index="0">
              <value>
                <![CDATA[org.testng.TestRunner@3f1a9a53]]>
              </value>
            </param>
          </params>
          <reporter-output>
          </reporter-output>
        </test-method> <!-- setUpClass -->
        <test-method signature="runScenario(io.cucumber.testng.PickleWrapper,io.cucumber.testng.FeatureWrapper)[pri:0, instance:Open_Cart.TestRunner@71e9ddb4]" started-at="2025-09-06T14:30:12 IST" name="runScenario" description="Runs Cucumber Scenarios" data-provider="scenarios" finished-at="2025-09-06T14:30:28 IST" duration-ms="15056" status="PASS">
          <params>
            <param index="0">
              <value>
                <![CDATA["registration"]]>
              </value>
            </param>
            <param index="1">
              <value>
                <![CDATA["user is able to login or not in the OpenCart website"]]>
              </value>
            </param>
          </params>
          <reporter-output>
          </reporter-output>
        </test-method> <!-- runScenario -->
        <test-method signature="runScenario(io.cucumber.testng.PickleWrapper,io.cucumber.testng.FeatureWrapper)[pri:0, instance:Open_Cart.TestRunner@71e9ddb4]" started-at="2025-09-06T14:30:28 IST" name="runScenario" description="Runs Cucumber Scenarios" data-provider="scenarios" finished-at="2025-09-06T14:30:32 IST" duration-ms="4584" status="PASS">
          <params>
            <param index="0">
              <value>
                <![CDATA["search"]]>
              </value>
            </param>
            <param index="1">
              <value>
                <![CDATA["user is able to Search in the OpenCart website"]]>
              </value>
            </param>
          </params>
          <reporter-output>
          </reporter-output>
        </test-method> <!-- runScenario -->
        <test-method signature="runScenario(io.cucumber.testng.PickleWrapper,io.cucumber.testng.FeatureWrapper)[pri:0, instance:Open_Cart.TestRunner@71e9ddb4]" started-at="2025-09-06T14:30:32 IST" name="runScenario" description="Runs Cucumber Scenarios" data-provider="scenarios" finished-at="2025-09-06T14:30:39 IST" duration-ms="6543" status="PASS">
          <params>
            <param index="0">
              <value>
                <![CDATA["Cart"]]>
              </value>
            </param>
            <param index="1">
              <value>
                <![CDATA["user is able to Add To Cart in the OpenCart website"]]>
              </value>
            </param>
          </params>
          <reporter-output>
          </reporter-output>
        </test-method> <!-- runScenario -->
        <test-method signature="runScenario(io.cucumber.testng.PickleWrapper,io.cucumber.testng.FeatureWrapper)[pri:0, instance:Open_Cart.TestRunner@71e9ddb4]" started-at="2025-09-06T14:30:39 IST" name="runScenario" description="Runs Cucumber Scenarios" data-provider="scenarios" finished-at="2025-09-06T14:30:44 IST" duration-ms="5829" status="PASS">
          <params>
            <param index="0">
              <value>
                <![CDATA["CheckOut"]]>
              </value>
            </param>
            <param index="1">
              <value>
                <![CDATA["Checkout in the OpenCart website"]]>
              </value>
            </param>
          </params>
          <reporter-output>
          </reporter-output>
        </test-method> <!-- runScenario -->
        <test-method signature="runScenario(io.cucumber.testng.PickleWrapper,io.cucumber.testng.FeatureWrapper)[pri:0, instance:Open_Cart.TestRunner@71e9ddb4]" started-at="2025-09-06T14:30:44 IST" name="runScenario" description="Runs Cucumber Scenarios" data-provider="scenarios" finished-at="2025-09-06T14:30:51 IST" duration-ms="6282" status="PASS">
          <params>
            <param index="0">
              <value>
                <![CDATA["LanguageChange"]]>
              </value>
            </param>
            <param index="1">
              <value>
                <![CDATA["Change Language in the OpenCart website"]]>
              </value>
            </param>
          </params>
          <reporter-output>
          </reporter-output>
        </test-method> <!-- runScenario -->
        <test-method signature="runScenario(io.cucumber.testng.PickleWrapper,io.cucumber.testng.FeatureWrapper)[pri:0, instance:Open_Cart.TestRunner@71e9ddb4]" started-at="2025-09-06T14:30:51 IST" name="runScenario" description="Runs Cucumber Scenarios" data-provider="scenarios" finished-at="2025-09-06T14:31:04 IST" duration-ms="13726" status="PASS">
          <params>
            <param index="0">
              <value>
                <![CDATA["select by the  category"]]>
              </value>
            </param>
            <param index="1">
              <value>
                <![CDATA["Category in the OpenCart website"]]>
              </value>
            </param>
          </params>
          <reporter-output>
          </reporter-output>
        </test-method> <!-- runScenario -->
        <test-method signature="runScenario(io.cucumber.testng.PickleWrapper,io.cucumber.testng.FeatureWrapper)[pri:0, instance:Open_Cart.TestRunner@71e9ddb4]" started-at="2025-09-06T14:31:04 IST" name="runScenario" description="Runs Cucumber Scenarios" data-provider="scenarios" finished-at="2025-09-06T14:31:11 IST" duration-ms="6288" status="PASS">
          <params>
            <param index="0">
              <value>
                <![CDATA["Adding item in WishList"]]>
              </value>
            </param>
            <param index="1">
              <value>
                <![CDATA["check WishList in the OpenCart website"]]>
              </value>
            </param>
          </params>
          <reporter-output>
          </reporter-output>
        </test-method> <!-- runScenario -->
        <test-method signature="runScenario(io.cucumber.testng.PickleWrapper,io.cucumber.testng.FeatureWrapper)[pri:0, instance:Open_Cart.TestRunner@71e9ddb4]" started-at="2025-09-06T14:31:11 IST" name="runScenario" description="Runs Cucumber Scenarios" data-provider="scenarios" finished-at="2025-09-06T14:31:13 IST" duration-ms="2585" status="PASS">
          <params>
            <param index="0">
              <value>
                <![CDATA["Adding item in Compare it"]]>
              </value>
            </param>
            <param index="1">
              <value>
                <![CDATA["check WishList in the OpenCart website"]]>
              </value>
            </param>
          </params>
          <reporter-output>
          </reporter-output>
        </test-method> <!-- runScenario -->
        <test-method signature="runScenario(io.cucumber.testng.PickleWrapper,io.cucumber.testng.FeatureWrapper)[pri:0, instance:Open_Cart.TestRunner@71e9ddb4]" started-at="2025-09-06T14:31:13 IST" name="runScenario" description="Runs Cucumber Scenarios" data-provider="scenarios" finished-at="2025-09-06T14:31:17 IST" duration-ms="3890" status="PASS">
          <params>
            <param index="0">
              <value>
                <![CDATA["Discription it"]]>
              </value>
            </param>
            <param index="1">
              <value>
                <![CDATA["user is able to  in the See the product Discription Cart website"]]>
              </value>
            </param>
          </params>
          <reporter-output>
          </reporter-output>
        </test-method> <!-- runScenario -->
        <test-method signature="runScenario(io.cucumber.testng.PickleWrapper,io.cucumber.testng.FeatureWrapper)[pri:0, instance:Open_Cart.TestRunner@71e9ddb4]" started-at="2025-09-06T14:31:17 IST" name="runScenario" description="Runs Cucumber Scenarios" data-provider="scenarios" finished-at="2025-09-06T14:31:29 IST" duration-ms="11316" status="PASS">
          <params>
            <param index="0">
              <value>
                <![CDATA["Change password"]]>
              </value>
            </param>
            <param index="1">
              <value>
                <![CDATA["user able to change password in the OpenCart website"]]>
              </value>
            </param>
          </params>
          <reporter-output>
          </reporter-output>
        </test-method> <!-- runScenario -->
        <test-method is-config="true" signature="tearDownClass()[pri:0, instance:Open_Cart.TestRunner@71e9ddb4]" started-at="2025-09-06T14:31:29 IST" name="tearDownClass" finished-at="2025-09-06T14:31:29 IST" duration-ms="106" status="PASS">
          <reporter-output>
          </reporter-output>
        </test-method> <!-- tearDownClass -->
      </class> <!-- Open_Cart.TestRunner -->
    </test> <!-- Default test -->
  </suite> <!-- Default suite -->
</testng-results>
