<?xml version="1.0" encoding="UTF-8"?>
<testng-results ignored="0" total="10" passed="9" failed="1" skipped="0">
  <reporter-output>
  </reporter-output>
  <suite started-at="2025-09-06T09:37:32 IST" name="Surefire suite" finished-at="2025-09-06T09:40:11 IST" duration-ms="158876">
    <groups>
      <group name="cucumber">
        <method signature="AbstractTestNGCucumberTests.runScenario(io.cucumber.testng.PickleWrapper,io.cucumber.testng.FeatureWrapper)[pri:0, instance:Myshop.TestRunner1@5dd6264]" name="runScenario" class="io.cucumber.testng.AbstractTestNGCucumberTests"/>
      </group> <!-- cucumber -->
    </groups>
    <test started-at="2025-09-06T09:37:32 IST" name="Surefire test" finished-at="2025-09-06T09:40:11 IST" duration-ms="158876">
      <class name="Myshop.TestRunner1">
        <test-method is-config="true" signature="setUpClass(org.testng.ITestContext)[pri:0, instance:Myshop.TestRunner1@5dd6264]" started-at="2025-09-06T09:37:32 IST" name="setUpClass" finished-at="2025-09-06T09:37:33 IST" duration-ms="1080" status="PASS">
          <params>
            <param index="0">
              <value>
                <![CDATA[org.testng.TestRunner@4fb04a72]]>
              </value>
            </param>
          </params>
          <reporter-output>
          </reporter-output>
        </test-method> <!-- setUpClass -->
        <test-method signature="runScenario(io.cucumber.testng.PickleWrapper,io.cucumber.testng.FeatureWrapper)[pri:0, instance:Myshop.TestRunner1@5dd6264]" started-at="2025-09-06T09:37:33 IST" name="runScenario" description="Runs Cucumber Scenarios" data-provider="scenarios" finished-at="2025-09-06T09:38:25 IST" duration-ms="51368" status="PASS">
          <params>
            <param index="0">
              <value>
                <![CDATA["user registration"]]>
              </value>
            </param>
            <param index="1">
              <value>
                <![CDATA["user is able to login or not in the Myshop website"]]>
              </value>
            </param>
          </params>
          <reporter-output>
          </reporter-output>
        </test-method> <!-- runScenario -->
        <test-method signature="runScenario(io.cucumber.testng.PickleWrapper,io.cucumber.testng.FeatureWrapper)[pri:0, instance:Myshop.TestRunner1@5dd6264]" started-at="2025-09-06T09:38:25 IST" name="runScenario" description="Runs Cucumber Scenarios" data-provider="scenarios" finished-at="2025-09-06T09:38:56 IST" duration-ms="31797" status="FAIL">
          <params>
            <param index="0">
              <value>
                <![CDATA["product search"]]>
              </value>
            </param>
            <param index="1">
              <value>
                <![CDATA["user is able to search items in the Myshop website"]]>
              </value>
            </param>
          </params>
          <exception class="org.openqa.selenium.NoSuchWindowException">
            <message>
              <![CDATA[no such window: target window already closed
from unknown error: web view not found
  (Session info: chrome=140.0.7339.80)
Build info: version: '4.23.0', revision: '4df0a231af'
System info: os.name: 'Windows 11', os.arch: 'amd64', os.version: '10.0', java.version: '24.0.2'
Driver info: org.openqa.selenium.chrome.ChromeDriver
Command: [8a18293aafac3dc8b57e44f71f23dfbf, maximizeCurrentWindow {}]
Capabilities {acceptInsecureCerts: false, browserName: chrome, browserVersion: 140.0.7339.80, chrome: {chromedriverVersion: 140.0.7339.80 (670b6f192f46..., userDataDir: C:\Users\nkuru\AppData\Loca...}, fedcm:accounts: true, goog:chromeOptions: {debuggerAddress: localhost:50977}, networkConnectionEnabled: false, pageLoadStrategy: normal, platformName: windows, proxy: Proxy(), se:cdp: ws://localhost:50977/devtoo..., se:cdpVersion: 140.0.7339.80, setWindowRect: true, strictFileInteractability: false, timeouts: {implicit: 0, pageLoad: 300000, script: 30000}, unhandledPromptBehavior: dismiss and notify, webauthn:extension:credBlob: true, webauthn:extension:largeBlob: true, webauthn:extension:minPinLength: true, webauthn:extension:prf: true, webauthn:virtualAuthenticators: true}
Session ID: 8a18293aafac3dc8b57e44f71f23dfbf]]>
            </message>
            <full-stacktrace>
              <![CDATA[org.openqa.selenium.NoSuchWindowException: no such window: target window already closed
from unknown error: web view not found
  (Session info: chrome=140.0.7339.80)
Build info: version: '4.23.0', revision: '4df0a231af'
System info: os.name: 'Windows 11', os.arch: 'amd64', os.version: '10.0', java.version: '24.0.2'
Driver info: org.openqa.selenium.chrome.ChromeDriver
Command: [8a18293aafac3dc8b57e44f71f23dfbf, maximizeCurrentWindow {}]
Capabilities {acceptInsecureCerts: false, browserName: chrome, browserVersion: 140.0.7339.80, chrome: {chromedriverVersion: 140.0.7339.80 (670b6f192f46..., userDataDir: C:\Users\nkuru\AppData\Loca...}, fedcm:accounts: true, goog:chromeOptions: {debuggerAddress: localhost:50977}, networkConnectionEnabled: false, pageLoadStrategy: normal, platformName: windows, proxy: Proxy(), se:cdp: ws://localhost:50977/devtoo..., se:cdpVersion: 140.0.7339.80, setWindowRect: true, strictFileInteractability: false, timeouts: {implicit: 0, pageLoad: 300000, script: 30000}, unhandledPromptBehavior: dismiss and notify, webauthn:extension:credBlob: true, webauthn:extension:largeBlob: true, webauthn:extension:minPinLength: true, webauthn:extension:prf: true, webauthn:virtualAuthenticators: true}
Session ID: 8a18293aafac3dc8b57e44f71f23dfbf
at java.base/jdk.internal.reflect.DirectConstructorHandleAccessor.newInstance(DirectConstructorHandleAccessor.java:62)
at java.base/java.lang.reflect.Constructor.newInstanceWithCaller(Constructor.java:499)
at java.base/java.lang.reflect.Constructor.newInstance(Constructor.java:483)
at org.openqa.selenium.remote.ErrorCodec.decode(ErrorCodec.java:167)
at org.openqa.selenium.remote.codec.w3c.W3CHttpResponseCodec.decode(W3CHttpResponseCodec.java:138)
at org.openqa.selenium.remote.codec.w3c.W3CHttpResponseCodec.decode(W3CHttpResponseCodec.java:50)
at org.openqa.selenium.remote.HttpCommandExecutor.execute(HttpCommandExecutor.java:190)
at org.openqa.selenium.remote.service.DriverCommandExecutor.invokeExecute(DriverCommandExecutor.java:216)
at org.openqa.selenium.remote.service.DriverCommandExecutor.execute(DriverCommandExecutor.java:174)
at org.openqa.selenium.remote.RemoteWebDriver.execute(RemoteWebDriver.java:527)
at org.openqa.selenium.remote.RemoteWebDriver.execute(RemoteWebDriver.java:600)
at org.openqa.selenium.remote.RemoteWebDriver.execute(RemoteWebDriver.java:604)
at org.openqa.selenium.remote.RemoteWebDriver$RemoteWebDriverOptions$RemoteWindow.maximize(RemoteWebDriver.java:1043)
at Myshop.search.myshop_open_in_the_browser(search.java:24)
at ✽.myshop open in the browser(file:///C:/Users/nkuru/git/Final_Capstone_project/Capstone_MYSHOP/src/test/resources/Features/B_Search.feature:3)
]]>
            </full-stacktrace>
          </exception> <!-- org.openqa.selenium.NoSuchWindowException -->
          <reporter-output>
          </reporter-output>
        </test-method> <!-- runScenario -->
        <test-method signature="runScenario(io.cucumber.testng.PickleWrapper,io.cucumber.testng.FeatureWrapper)[pri:0, instance:Myshop.TestRunner1@5dd6264]" started-at="2025-09-06T09:38:56 IST" name="runScenario" description="Runs Cucumber Scenarios" data-provider="scenarios" finished-at="2025-09-06T09:39:01 IST" duration-ms="4765" status="PASS">
          <params>
            <param index="0">
              <value>
                <![CDATA["product search by catogory"]]>
              </value>
            </param>
            <param index="1">
              <value>
                <![CDATA["user is able to search items by categories in the Myshop website"]]>
              </value>
            </param>
          </params>
          <reporter-output>
          </reporter-output>
        </test-method> <!-- runScenario -->
        <test-method signature="runScenario(io.cucumber.testng.PickleWrapper,io.cucumber.testng.FeatureWrapper)[pri:0, instance:Myshop.TestRunner1@5dd6264]" started-at="2025-09-06T09:39:01 IST" name="runScenario" description="Runs Cucumber Scenarios" data-provider="scenarios" finished-at="2025-09-06T09:39:11 IST" duration-ms="9793" status="PASS">
          <params>
            <param index="0">
              <value>
                <![CDATA["Get product details"]]>
              </value>
            </param>
            <param index="1">
              <value>
                <![CDATA["User is able to view product details in the Myshop website"]]>
              </value>
            </param>
          </params>
          <reporter-output>
          </reporter-output>
        </test-method> <!-- runScenario -->
        <test-method signature="runScenario(io.cucumber.testng.PickleWrapper,io.cucumber.testng.FeatureWrapper)[pri:0, instance:Myshop.TestRunner1@5dd6264]" started-at="2025-09-06T09:39:11 IST" name="runScenario" description="Runs Cucumber Scenarios" data-provider="scenarios" finished-at="2025-09-06T09:39:23 IST" duration-ms="11495" status="PASS">
          <params>
            <param index="0">
              <value>
                <![CDATA["add to cart"]]>
              </value>
            </param>
            <param index="1">
              <value>
                <![CDATA["User is able to items add to cart in the Myshop website"]]>
              </value>
            </param>
          </params>
          <reporter-output>
          </reporter-output>
        </test-method> <!-- runScenario -->
        <test-method signature="runScenario(io.cucumber.testng.PickleWrapper,io.cucumber.testng.FeatureWrapper)[pri:0, instance:Myshop.TestRunner1@5dd6264]" started-at="2025-09-06T09:39:23 IST" name="runScenario" description="Runs Cucumber Scenarios" data-provider="scenarios" finished-at="2025-09-06T09:39:31 IST" duration-ms="8024" status="PASS">
          <params>
            <param index="0">
              <value>
                <![CDATA["add to cart and checkout"]]>
              </value>
            </param>
            <param index="1">
              <value>
                <![CDATA["User is able to items add to cart and checkout in the Myshop website"]]>
              </value>
            </param>
          </params>
          <reporter-output>
          </reporter-output>
        </test-method> <!-- runScenario -->
        <test-method signature="runScenario(io.cucumber.testng.PickleWrapper,io.cucumber.testng.FeatureWrapper)[pri:0, instance:Myshop.TestRunner1@5dd6264]" started-at="2025-09-06T09:39:31 IST" name="runScenario" description="Runs Cucumber Scenarios" data-provider="scenarios" finished-at="2025-09-06T09:39:42 IST" duration-ms="11190" status="PASS">
          <params>
            <param index="0">
              <value>
                <![CDATA["User able to click on links"]]>
              </value>
            </param>
            <param index="1">
              <value>
                <![CDATA["User is able navigate the links or not in the Myshop website"]]>
              </value>
            </param>
          </params>
          <reporter-output>
          </reporter-output>
        </test-method> <!-- runScenario -->
        <test-method signature="runScenario(io.cucumber.testng.PickleWrapper,io.cucumber.testng.FeatureWrapper)[pri:0, instance:Myshop.TestRunner1@5dd6264]" started-at="2025-09-06T09:39:42 IST" name="runScenario" description="Runs Cucumber Scenarios" data-provider="scenarios" finished-at="2025-09-06T09:39:50 IST" duration-ms="8243" status="PASS">
          <params>
            <param index="0">
              <value>
                <![CDATA["Mobile Repair Spare"]]>
              </value>
            </param>
            <param index="1">
              <value>
                <![CDATA["User is able check Mobile Repair spare in the Myshop website"]]>
              </value>
            </param>
          </params>
          <reporter-output>
          </reporter-output>
        </test-method> <!-- runScenario -->
        <test-method signature="runScenario(io.cucumber.testng.PickleWrapper,io.cucumber.testng.FeatureWrapper)[pri:0, instance:Myshop.TestRunner1@5dd6264]" started-at="2025-09-06T09:39:50 IST" name="runScenario" description="Runs Cucumber Scenarios" data-provider="scenarios" finished-at="2025-09-06T09:40:01 IST" duration-ms="11331" status="PASS">
          <params>
            <param index="0">
              <value>
                <![CDATA["wishlist"]]>
              </value>
            </param>
            <param index="1">
              <value>
                <![CDATA["User is able check wishlist in the Myshop website"]]>
              </value>
            </param>
          </params>
          <reporter-output>
          </reporter-output>
        </test-method> <!-- runScenario -->
        <test-method signature="runScenario(io.cucumber.testng.PickleWrapper,io.cucumber.testng.FeatureWrapper)[pri:0, instance:Myshop.TestRunner1@5dd6264]" started-at="2025-09-06T09:40:01 IST" name="runScenario" description="Runs Cucumber Scenarios" data-provider="scenarios" finished-at="2025-09-06T09:40:11 IST" duration-ms="9565" status="PASS">
          <params>
            <param index="0">
              <value>
                <![CDATA["compare"]]>
              </value>
            </param>
            <param index="1">
              <value>
                <![CDATA["User is able see compare in the Myshop website"]]>
              </value>
            </param>
          </params>
          <reporter-output>
          </reporter-output>
        </test-method> <!-- runScenario -->
        <test-method is-config="true" signature="tearDownClass()[pri:0, instance:Myshop.TestRunner1@5dd6264]" started-at="2025-09-06T09:40:11 IST" name="tearDownClass" finished-at="2025-09-06T09:40:11 IST" duration-ms="132" status="PASS">
          <reporter-output>
          </reporter-output>
        </test-method> <!-- tearDownClass -->
      </class> <!-- Myshop.TestRunner1 -->
    </test> <!-- Surefire test -->
  </suite> <!-- Surefire suite -->
</testng-results>
