<?xml version="1.0" encoding="UTF-8"?>
<testsuite xmlns:xsi="http://www.w3.org/2001/XMLSchema-instance" xsi:noNamespaceSchemaLocation="https://maven.apache.org/surefire/maven-surefire-plugin/xsd/surefire-test-report-3.0.xsd" version="3.0" name="Myshop.TestRunner1" time="159.67" tests="10" errors="0" skipped="0" failures="1">
  <properties>
[...]
</properties>
  <testcase name="runScenario[&quot;user registration&quot;, &quot;user is able to login or not in the Myshop website&quot;](1)" classname="Myshop.TestRunner1" time="51.368">
    <system-out><![CDATA[
&amp#27;[1mScenario:&amp#27;[22m user registration                        &amp#27;[90m# file:///C:/Users/nkuru/git/Final_Capstone_project/Capstone_MYSHOP/src/test/resources/Features/A_User_Registration.feature:2&amp#27;[39m
Pre-requisite: Opened myshop homepage
  &amp#27;[32m✔&amp#27;[39m &amp#27;[32m&amp#27;[1mGiven &amp#27;[22mmyshop website will be open&amp#27;[39m              &amp#27;[90m# Myshop.user_registration.myshop_website_will_be_open()&amp#27;[39m
  &amp#27;[32m✔&amp#27;[39m &amp#27;[32m&amp#27;[1mAnd &amp#27;[22mlogin the account with valid credentials&amp#27;[39m   &amp#27;[90m# Myshop.user_registration.login_the_account_with_valid_credentials()&amp#27;[39m
login successfully
  &amp#27;[32m✔&amp#27;[39m &amp#27;[32m&amp#27;[1mThen &amp#27;[22mlogin successfully with valid credentials&amp#27;[39m &amp#27;[90m# Myshop.user_registration.login_successfully_with_valid_credentials()&amp#27;[39m
]]></system-out>
    <system-err><![CDATA[SLF4J(W): No SLF4J providers were found.
SLF4J(W): Defaulting to no-operation (NOP) logger implementation
SLF4J(W): See https://www.slf4j.org/codes.html#noProviders for further details.
Sept 06, 2025 9:38:20 AM org.openqa.selenium.devtools.CdpVersionFinder findNearestMatch
WARNING: Unable to find CDP implementation matching 140
Sept 06, 2025 9:38:20 AM org.openqa.selenium.chromium.ChromiumDriver lambda$new$5
WARNING: Unable to find version of CDP to use for 140.0.7339.80. You may need to include a dependency on a specific version of the CDP using something similar to `org.seleniumhq.selenium:selenium-devtools-v86:4.23.0` where the version ("v86") matches the version of the chromium-based browser you're using and the version number of the artifact is the same as Selenium's.
]]></system-err>
  </testcase>
  <testcase name="runScenario[&quot;product search&quot;, &quot;user is able to search items in the Myshop website&quot;](2)" classname="Myshop.TestRunner1" time="31.815">
    <failure message="no such window: target window already closed&#10;from unknown error: web view not found&#10;  (Session info: chrome=140.0.7339.80)&#10;Build info: version: &apos;4.23.0&apos;, revision: &apos;4df0a231af&apos;&#10;System info: os.name: &apos;Windows 11&apos;, os.arch: &apos;amd64&apos;, os.version: &apos;10.0&apos;, java.version: &apos;24.0.2&apos;&#10;Driver info: org.openqa.selenium.chrome.ChromeDriver&#10;Command: [8a18293aafac3dc8b57e44f71f23dfbf, maximizeCurrentWindow {}]&#10;Capabilities {acceptInsecureCerts: false, browserName: chrome, browserVersion: 140.0.7339.80, chrome: {chromedriverVersion: 140.0.7339.80 (670b6f192f46..., userDataDir: C:\Users\nkuru\AppData\Loca...}, fedcm:accounts: true, goog:chromeOptions: {debuggerAddress: localhost:50977}, networkConnectionEnabled: false, pageLoadStrategy: normal, platformName: windows, proxy: Proxy(), se:cdp: ws://localhost:50977/devtoo..., se:cdpVersion: 140.0.7339.80, setWindowRect: true, strictFileInteractability: false, timeouts: {implicit: 0, pageLoad: 300000, script: 30000}, unhandledPromptBehavior: dismiss and notify, webauthn:extension:credBlob: true, webauthn:extension:largeBlob: true, webauthn:extension:minPinLength: true, webauthn:extension:prf: true, webauthn:virtualAuthenticators: true}&#10;Session ID: 8a18293aafac3dc8b57e44f71f23dfbf" type="org.openqa.selenium.NoSuchWindowException"><![CDATA[org.openqa.selenium.NoSuchWindowException: 
no such window: target window already closed
from unknown error: web view not found
  (Session info: chrome=140.0.7339.80)
Build info: version: '4.23.0', revision: '4df0a231af'
System info: os.name: 'Windows 11', os.arch: 'amd64', os.version: '10.0', java.version: '24.0.2'
Driver info: org.openqa.selenium.chrome.ChromeDriver
Command: [8a18293aafac3dc8b57e44f71f23dfbf, maximizeCurrentWindow {}]
Capabilities {acceptInsecureCerts: false, browserName: chrome, browserVersion: 140.0.7339.80, chrome: {chromedriverVersion: 140.0.7339.80 (670b6f192f46..., userDataDir: C:\Users\nkuru\AppData\Loca...}, fedcm:accounts: true, goog:chromeOptions: {debuggerAddress: localhost:50977}, networkConnectionEnabled: false, pageLoadStrategy: normal, platformName: windows, proxy: Proxy(), se:cdp: ws://localhost:50977/devtoo..., se:cdpVersion: 140.0.7339.80, setWindowRect: true, strictFileInteractability: false, timeouts: {implicit: 0, pageLoad: 300000, script: 30000}, unhandledPromptBehavior: dismiss and notify, webauthn:extension:credBlob: true, webauthn:extension:largeBlob: true, webauthn:extension:minPinLength: true, webauthn:extension:prf: true, webauthn:virtualAuthenticators: true}
Session ID: 8a18293aafac3dc8b57e44f71f23dfbf
	at java.base/jdk.internal.reflect.DirectConstructorHandleAccessor.newInstance(DirectConstructorHandleAccessor.java:62)
	at java.base/java.lang.reflect.Constructor.newInstanceWithCaller(Constructor.java:499)
	at java.base/java.lang.reflect.Constructor.newInstance(Constructor.java:483)
	at org.openqa.selenium.remote.ErrorCodec.decode(ErrorCodec.java:167)
	at org.openqa.selenium.remote.codec.w3c.W3CHttpResponseCodec.decode(W3CHttpResponseCodec.java:138)
	at org.openqa.selenium.remote.codec.w3c.W3CHttpResponseCodec.decode(W3CHttpResponseCodec.java:50)
	at org.openqa.selenium.remote.HttpCommandExecutor.execute(HttpCommandExecutor.java:190)
	at org.openqa.selenium.remote.service.DriverCommandExecutor.invokeExecute(DriverCommandExecutor.java:216)
	at org.openqa.selenium.remote.service.DriverCommandExecutor.execute(DriverCommandExecutor.java:174)
	at org.openqa.selenium.remote.RemoteWebDriver.execute(RemoteWebDriver.java:527)
	at org.openqa.selenium.remote.RemoteWebDriver.execute(RemoteWebDriver.java:600)
	at org.openqa.selenium.remote.RemoteWebDriver.execute(RemoteWebDriver.java:604)
	at org.openqa.selenium.remote.RemoteWebDriver$RemoteWebDriverOptions$RemoteWindow.maximize(RemoteWebDriver.java:1043)
	at Myshop.search.myshop_open_in_the_browser(search.java:24)
	at ✽.myshop open in the browser(file:///C:/Users/nkuru/git/Final_Capstone_project/Capstone_MYSHOP/src/test/resources/Features/B_Search.feature:3)
]]></failure>
    <system-out><![CDATA[
&amp#27;[1mScenario:&amp#27;[22m product search                  &amp#27;[90m# file:///C:/Users/nkuru/git/Final_Capstone_project/Capstone_MYSHOP/src/test/resources/Features/B_Search.feature:2&amp#27;[39m
  &amp#27;[31m✘&amp#27;[39m &amp#27;[31m&amp#27;[1mGiven &amp#27;[22mmyshop open in the browser&amp#27;[39m      &amp#27;[90m# Myshop.search.myshop_open_in_the_browser()&amp#27;[39m
        &amp#27;[31morg.openqa.selenium.NoSuchWindowException: no such window: target window already closed&amp#27;[39m
        &amp#27;[31mfrom unknown error: web view not found&amp#27;[39m
        &amp#27;[31m  (Session info: chrome=140.0.7339.80)&amp#27;[39m
        &amp#27;[31mBuild info: version: '4.23.0', revision: '4df0a231af'&amp#27;[39m
        &amp#27;[31mSystem info: os.name: 'Windows 11', os.arch: 'amd64', os.version: '10.0', java.version: '24.0.2'&amp#27;[39m
        &amp#27;[31mDriver info: org.openqa.selenium.chrome.ChromeDriver&amp#27;[39m
        &amp#27;[31mCommand: [8a18293aafac3dc8b57e44f71f23dfbf, maximizeCurrentWindow {}]&amp#27;[39m
        &amp#27;[31mCapabilities {acceptInsecureCerts: false, browserName: chrome, browserVersion: 140.0.7339.80, chrome: {chromedriverVersion: 140.0.7339.80 (670b6f192f46..., userDataDir: C:\Users\nkuru\AppData\Loca...}, fedcm:accounts: true, goog:chromeOptions: {debuggerAddress: localhost:50977}, networkConnectionEnabled: false, pageLoadStrategy: normal, platformName: windows, proxy: Proxy(), se:cdp: ws://localhost:50977/devtoo..., se:cdpVersion: 140.0.7339.80, setWindowRect: true, strictFileInteractability: false, timeouts: {implicit: 0, pageLoad: 300000, script: 30000}, unhandledPromptBehavior: dismiss and notify, webauthn:extension:credBlob: true, webauthn:extension:largeBlob: true, webauthn:extension:minPinLength: true, webauthn:extension:prf: true, webauthn:virtualAuthenticators: true}&amp#27;[39m
        &amp#27;[31mSession ID: 8a18293aafac3dc8b57e44f71f23dfbf&amp#27;[39m
        &amp#27;[31m	at java.base/jdk.internal.reflect.DirectConstructorHandleAccessor.newInstance(DirectConstructorHandleAccessor.java:62)&amp#27;[39m
        &amp#27;[31m	at java.base/java.lang.reflect.Constructor.newInstanceWithCaller(Constructor.java:499)&amp#27;[39m
        &amp#27;[31m	at java.base/java.lang.reflect.Constructor.newInstance(Constructor.java:483)&amp#27;[39m
        &amp#27;[31m	at org.openqa.selenium.remote.ErrorCodec.decode(ErrorCodec.java:167)&amp#27;[39m
        &amp#27;[31m	at org.openqa.selenium.remote.codec.w3c.W3CHttpResponseCodec.decode(W3CHttpResponseCodec.java:138)&amp#27;[39m
        &amp#27;[31m	at org.openqa.selenium.remote.codec.w3c.W3CHttpResponseCodec.decode(W3CHttpResponseCodec.java:50)&amp#27;[39m
        &amp#27;[31m	at org.openqa.selenium.remote.HttpCommandExecutor.execute(HttpCommandExecutor.java:190)&amp#27;[39m
        &amp#27;[31m	at org.openqa.selenium.remote.service.DriverCommandExecutor.invokeExecute(DriverCommandExecutor.java:216)&amp#27;[39m
        &amp#27;[31m	at org.openqa.selenium.remote.service.DriverCommandExecutor.execute(DriverCommandExecutor.java:174)&amp#27;[39m
        &amp#27;[31m	at org.openqa.selenium.remote.RemoteWebDriver.execute(RemoteWebDriver.java:527)&amp#27;[39m
        &amp#27;[31m	at org.openqa.selenium.remote.RemoteWebDriver.execute(RemoteWebDriver.java:600)&amp#27;[39m
        &amp#27;[31m	at org.openqa.selenium.remote.RemoteWebDriver.execute(RemoteWebDriver.java:604)&amp#27;[39m
        &amp#27;[31m	at org.openqa.selenium.remote.RemoteWebDriver$RemoteWebDriverOptions$RemoteWindow.maximize(RemoteWebDriver.java:1043)&amp#27;[39m
        &amp#27;[31m	at Myshop.search.myshop_open_in_the_browser(search.java:24)&amp#27;[39m
        &amp#27;[31m	at ✽.myshop open in the browser(file:///C:/Users/nkuru/git/Final_Capstone_project/Capstone_MYSHOP/src/test/resources/Features/B_Search.feature:3)&amp#27;[39m
  &amp#27;[36m↷&amp#27;[39m &amp#27;[36m&amp#27;[1mAnd &amp#27;[22msearch the products&amp#27;[39m               &amp#27;[90m# Myshop.search.search_the_products()&amp#27;[39m
  &amp#27;[36m↷&amp#27;[39m &amp#27;[36m&amp#27;[1mThen &amp#27;[22mlisted the items related product&amp#27;[39m &amp#27;[90m# Myshop.search.listed_the_items_related_product()&amp#27;[39m
]]></system-out>
    <system-err><![CDATA[Sept 06, 2025 9:38:26 AM org.openqa.selenium.devtools.CdpVersionFinder findNearestMatch
WARNING: Unable to find CDP implementation matching 140
Sept 06, 2025 9:38:26 AM org.openqa.selenium.chromium.ChromiumDriver lambda$new$5
WARNING: Unable to find version of CDP to use for 140.0.7339.80. You may need to include a dependency on a specific version of the CDP using something similar to `org.seleniumhq.selenium:selenium-devtools-v86:4.23.0` where the version ("v86") matches the version of the chromium-based browser you're using and the version number of the artifact is the same as Selenium's.
]]></system-err>
  </testcase>
  <testcase name="runScenario[&quot;product search by catogory&quot;, &quot;user is able to search items by categories in the Myshop website&quot;](3)" classname="Myshop.TestRunner1" time="4.755">
    <system-out><![CDATA[
&amp#27;[1mScenario:&amp#27;[22m product search by catogory                  &amp#27;[90m# file:///C:/Users/nkuru/git/Final_Capstone_project/Capstone_MYSHOP/src/test/resources/Features/C_AllCategories.feature:2&amp#27;[39m
Pre-requisite: Opened myshop homepage
  &amp#27;[32m✔&amp#27;[39m &amp#27;[32m&amp#27;[1mGiven &amp#27;[22mmyshop website open in the browser&amp#27;[39m          &amp#27;[90m# Myshop.AllCatogories.myshop_website_open_in_the_browser()&amp#27;[39m
  &amp#27;[32m✔&amp#27;[39m &amp#27;[32m&amp#27;[1mAnd &amp#27;[22msearch the products by categories&amp#27;[39m             &amp#27;[90m# Myshop.AllCatogories.search_the_products_by_categories()&amp#27;[39m
Category wise products displayed
  &amp#27;[32m✔&amp#27;[39m &amp#27;[32m&amp#27;[1mThen &amp#27;[22mlisted the items related product of category&amp#27;[39m &amp#27;[90m# Myshop.AllCatogories.listed_the_items_related_product_of_category()&amp#27;[39m
]]></system-out>
    <system-err><![CDATA[Sept 06, 2025 9:38:58 AM org.openqa.selenium.devtools.CdpVersionFinder findNearestMatch
WARNING: Unable to find CDP implementation matching 140
Sept 06, 2025 9:38:58 AM org.openqa.selenium.chromium.ChromiumDriver lambda$new$5
WARNING: Unable to find version of CDP to use for 140.0.7339.80. You may need to include a dependency on a specific version of the CDP using something similar to `org.seleniumhq.selenium:selenium-devtools-v86:4.23.0` where the version ("v86") matches the version of the chromium-based browser you're using and the version number of the artifact is the same as Selenium's.
]]></system-err>
  </testcase>
  <testcase name="runScenario[&quot;Get product details&quot;, &quot;User is able to view product details in the Myshop website&quot;](4)" classname="Myshop.TestRunner1" time="9.791">
    <system-out><![CDATA[
&amp#27;[1mScenario:&amp#27;[22m Get product details                              &amp#27;[90m# file:///C:/Users/nkuru/git/Final_Capstone_project/Capstone_MYSHOP/src/test/resources/Features/D_ProductDetails.feature:2&amp#27;[39m
Opened Myshop homepage
  &amp#27;[32m✔&amp#27;[39m &amp#27;[32m&amp#27;[1mGiven &amp#27;[22mthe Myshop website is open in the browser&amp#27;[39m        &amp#27;[90m# Myshop.ProductDetails.the_myshop_website_is_open_in_the_browser()&amp#27;[39m
  &amp#27;[32m✔&amp#27;[39m &amp#27;[32m&amp#27;[1mAnd &amp#27;[22mselects the product and get details&amp#27;[39m                &amp#27;[90m# Myshop.ProductDetails.selects_the_product_and_get_details()&amp#27;[39m
===== Product Details =====
Product after discount price:
Rs.249.00
Product original price:
Rs.399.00
Product Model:
MCHARGE 214M - WHITE CHARGER
Product availability:
In Stock
  &amp#27;[32m✔&amp#27;[39m &amp#27;[32m&amp#27;[1mThen &amp#27;[22mthe product details should be displayed including&amp#27;[39m &amp#27;[90m# Myshop.ProductDetails.the_product_details_should_be_displayed_including()&amp#27;[39m
]]></system-out>
    <system-err><![CDATA[Sept 06, 2025 9:39:02 AM org.openqa.selenium.devtools.CdpVersionFinder findNearestMatch
WARNING: Unable to find CDP implementation matching 140
Sept 06, 2025 9:39:02 AM org.openqa.selenium.chromium.ChromiumDriver lambda$new$5
WARNING: Unable to find version of CDP to use for 140.0.7339.80. You may need to include a dependency on a specific version of the CDP using something similar to `org.seleniumhq.selenium:selenium-devtools-v86:4.23.0` where the version ("v86") matches the version of the chromium-based browser you're using and the version number of the artifact is the same as Selenium's.
]]></system-err>
  </testcase>
  <testcase name="runScenario[&quot;add to cart&quot;, &quot;User is able to items add to cart in the Myshop website&quot;](5)" classname="Myshop.TestRunner1" time="11.496">
    <system-out><![CDATA[
&amp#27;[1mScenario:&amp#27;[22m add to cart                               &amp#27;[90m# file:///C:/Users/nkuru/git/Final_Capstone_project/Capstone_MYSHOP/src/test/resources/Features/E_AddToCart.feature:2&amp#27;[39m
Opened Myshop homepage
  &amp#27;[32m✔&amp#27;[39m &amp#27;[32m&amp#27;[1mGiven &amp#27;[22mThe Myshop website is open in the browser&amp#27;[39m &amp#27;[90m# Myshop.AddToCart.the_myshop_website_is_open_in_the_browser()&amp#27;[39m
  &amp#27;[32m✔&amp#27;[39m &amp#27;[32m&amp#27;[1mAnd &amp#27;[22mselects the product and add to cart&amp#27;[39m         &amp#27;[90m# Myshop.AddToCart.selects_the_product_and_add_to_cart()&amp#27;[39m
Rs.999.00
Rs.999.00
2
ERROR: Cart total mismatch! Expected: Rs.1998.0 but got: Rs.999.0
  &amp#27;[32m✔&amp#27;[39m &amp#27;[32m&amp#27;[1mThen &amp#27;[22mthe product displayed in the cart&amp#27;[39m          &amp#27;[90m# Myshop.AddToCart.the_product_displayed_in_the_cart()&amp#27;[39m
]]></system-out>
    <system-err><![CDATA[Sept 06, 2025 9:39:12 AM org.openqa.selenium.devtools.CdpVersionFinder findNearestMatch
WARNING: Unable to find CDP implementation matching 140
Sept 06, 2025 9:39:12 AM org.openqa.selenium.chromium.ChromiumDriver lambda$new$5
WARNING: Unable to find version of CDP to use for 140.0.7339.80. You may need to include a dependency on a specific version of the CDP using something similar to `org.seleniumhq.selenium:selenium-devtools-v86:4.23.0` where the version ("v86") matches the version of the chromium-based browser you're using and the version number of the artifact is the same as Selenium's.
]]></system-err>
  </testcase>
  <testcase name="runScenario[&quot;add to cart and checkout&quot;, &quot;User is able to items add to cart and checkout in the Myshop website&quot;](6)" classname="Myshop.TestRunner1" time="8.023">
    <system-out><![CDATA[
&amp#27;[1mScenario:&amp#27;[22m add to cart and checkout                        &amp#27;[90m# file:///C:/Users/nkuru/git/Final_Capstone_project/Capstone_MYSHOP/src/test/resources/Features/F_Chectout.feature:2&amp#27;[39m
Opened Myshop homepage
  &amp#27;[32m✔&amp#27;[39m &amp#27;[32m&amp#27;[1mGiven &amp#27;[22mThe Myshop website is open in browser&amp#27;[39m           &amp#27;[90m# Myshop.Checkout.the_myshop_website_is_open_in_browser()&amp#27;[39m
  &amp#27;[32m✔&amp#27;[39m &amp#27;[32m&amp#27;[1mAnd &amp#27;[22mselects the product then add to cart and checkout&amp#27;[39m &amp#27;[90m# Myshop.Checkout.selects_the_product_then_add_to_cart_and_checkout()&amp#27;[39m
 ERROR shown in cart Even If Available the Item: Products marked with *** are not available in the desired quantity or not in stock!
×
  &amp#27;[32m✔&amp#27;[39m &amp#27;[32m&amp#27;[1mThen &amp#27;[22mthe product displayed in cart&amp#27;[39m                    &amp#27;[90m# Myshop.Checkout.the_product_displayed_in_cart()&amp#27;[39m
]]></system-out>
    <system-err><![CDATA[Sept 06, 2025 9:39:24 AM org.openqa.selenium.devtools.CdpVersionFinder findNearestMatch
WARNING: Unable to find CDP implementation matching 140
Sept 06, 2025 9:39:24 AM org.openqa.selenium.chromium.ChromiumDriver lambda$new$5
WARNING: Unable to find version of CDP to use for 140.0.7339.80. You may need to include a dependency on a specific version of the CDP using something similar to `org.seleniumhq.selenium:selenium-devtools-v86:4.23.0` where the version ("v86") matches the version of the chromium-based browser you're using and the version number of the artifact is the same as Selenium's.
]]></system-err>
  </testcase>
  <testcase name="runScenario[&quot;User able to click on links&quot;, &quot;User is able navigate the links or not in the Myshop website&quot;](7)" classname="Myshop.TestRunner1" time="11.19">
    <system-out><![CDATA[
&amp#27;[1mScenario:&amp#27;[22m User able to click on links       &amp#27;[90m# file:///C:/Users/nkuru/git/Final_Capstone_project/Capstone_MYSHOP/src/test/resources/Features/G_SocialMediaLinks.feature:2&amp#27;[39m
Opened Myshop homepage
  &amp#27;[32m✔&amp#27;[39m &amp#27;[32m&amp#27;[1mGiven &amp#27;[22mMyshop website is open in browser&amp#27;[39m &amp#27;[90m# Myshop.SocialMediaLinks.myshop_website_is_open_in_browser()&amp#27;[39m
  &amp#27;[32m✔&amp#27;[39m &amp#27;[32m&amp#27;[1mAnd &amp#27;[22mClick on the social media buttons&amp#27;[39m   &amp#27;[90m# Myshop.SocialMediaLinks.click_on_the_social_media_buttons()&amp#27;[39m
Error: Buttons Does not Navigate to other Window or Specific location
  &amp#27;[32m✔&amp#27;[39m &amp#27;[32m&amp#27;[1mThen &amp#27;[22mCheck the navigation of Buttons&amp#27;[39m    &amp#27;[90m# Myshop.SocialMediaLinks.check_the_navigation_of_buttons()&amp#27;[39m
]]></system-out>
    <system-err><![CDATA[Sept 06, 2025 9:39:32 AM org.openqa.selenium.devtools.CdpVersionFinder findNearestMatch
WARNING: Unable to find CDP implementation matching 140
Sept 06, 2025 9:39:32 AM org.openqa.selenium.chromium.ChromiumDriver lambda$new$5
WARNING: Unable to find version of CDP to use for 140.0.7339.80. You may need to include a dependency on a specific version of the CDP using something similar to `org.seleniumhq.selenium:selenium-devtools-v86:4.23.0` where the version ("v86") matches the version of the chromium-based browser you're using and the version number of the artifact is the same as Selenium's.
]]></system-err>
  </testcase>
  <testcase name="runScenario[&quot;Mobile Repair Spare&quot;, &quot;User is able check Mobile Repair spare in the Myshop website&quot;](8)" classname="Myshop.TestRunner1" time="8.242">
    <system-out><![CDATA[
&amp#27;[1mScenario:&amp#27;[22m Mobile Repair Spare                     &amp#27;[90m# file:///C:/Users/nkuru/git/Final_Capstone_project/Capstone_MYSHOP/src/test/resources/Features/H_MobileRepairSpare.feature:2&amp#27;[39m
Opened Myshop homepage
  &amp#27;[32m✔&amp#27;[39m &amp#27;[32m&amp#27;[1mGiven &amp#27;[22mMyshop website open in browser&amp#27;[39m          &amp#27;[90m# Myshop.MobileRepairSpare.myshop_website_open_in_browser()&amp#27;[39m
  &amp#27;[32m✔&amp#27;[39m &amp#27;[32m&amp#27;[1mAnd &amp#27;[22mClick on the mobile repair spare category&amp#27;[39m &amp#27;[90m# Myshop.MobileRepairSpare.click_on_the_mobile_repair_spare_category()&amp#27;[39m
Camera count (as String): 8
Camera count (as int): 8
  &amp#27;[32m✔&amp#27;[39m &amp#27;[32m&amp#27;[1mThen &amp#27;[22mCheck the items in the spair&amp#27;[39m             &amp#27;[90m# Myshop.MobileRepairSpare.check_the_items_in_the_spair()&amp#27;[39m
]]></system-out>
    <system-err><![CDATA[Sept 06, 2025 9:39:43 AM org.openqa.selenium.devtools.CdpVersionFinder findNearestMatch
WARNING: Unable to find CDP implementation matching 140
Sept 06, 2025 9:39:43 AM org.openqa.selenium.chromium.ChromiumDriver lambda$new$5
WARNING: Unable to find version of CDP to use for 140.0.7339.80. You may need to include a dependency on a specific version of the CDP using something similar to `org.seleniumhq.selenium:selenium-devtools-v86:4.23.0` where the version ("v86") matches the version of the chromium-based browser you're using and the version number of the artifact is the same as Selenium's.
]]></system-err>
  </testcase>
  <testcase name="runScenario[&quot;wishlist&quot;, &quot;User is able check wishlist in the Myshop website&quot;](9)" classname="Myshop.TestRunner1" time="11.331">
    <system-out><![CDATA[
&amp#27;[1mScenario:&amp#27;[22m wishlist                               &amp#27;[90m# file:///C:/Users/nkuru/git/Final_Capstone_project/Capstone_MYSHOP/src/test/resources/Features/I_wishlist.feature:2&amp#27;[39m
Opened Myshop homepage
  &amp#27;[32m✔&amp#27;[39m &amp#27;[32m&amp#27;[1mGiven &amp#27;[22mMyshop website open in the browser&amp#27;[39m     &amp#27;[90m# Myshop.wishlist.myshop_website_open_in_the_browser()&amp#27;[39m
  &amp#27;[32m✔&amp#27;[39m &amp#27;[32m&amp#27;[1mAnd &amp#27;[22mClick on the product and add to wishlist&amp#27;[39m &amp#27;[90m# Myshop.wishlist.click_on_the_product_and_add_to_wishlist()&amp#27;[39m
  &amp#27;[32m✔&amp#27;[39m &amp#27;[32m&amp#27;[1mThen &amp#27;[22mCheck the items in the wishlist&amp#27;[39m         &amp#27;[90m# Myshop.wishlist.check_the_items_in_the_wishlist()&amp#27;[39m
]]></system-out>
    <system-err><![CDATA[Sept 06, 2025 9:39:51 AM org.openqa.selenium.devtools.CdpVersionFinder findNearestMatch
WARNING: Unable to find CDP implementation matching 140
Sept 06, 2025 9:39:51 AM org.openqa.selenium.chromium.ChromiumDriver lambda$new$5
WARNING: Unable to find version of CDP to use for 140.0.7339.80. You may need to include a dependency on a specific version of the CDP using something similar to `org.seleniumhq.selenium:selenium-devtools-v86:4.23.0` where the version ("v86") matches the version of the chromium-based browser you're using and the version number of the artifact is the same as Selenium's.
]]></system-err>
  </testcase>
  <testcase name="runScenario[&quot;compare&quot;, &quot;User is able see compare in the Myshop website&quot;](10)" classname="Myshop.TestRunner1" time="9.564">
    <system-out><![CDATA[
&amp#27;[1mScenario:&amp#27;[22m compare                               &amp#27;[90m# file:///C:/Users/nkuru/git/Final_Capstone_project/Capstone_MYSHOP/src/test/resources/Features/J_Compare.feature:2&amp#27;[39m
Opened Myshop homepage
  &amp#27;[32m✔&amp#27;[39m &amp#27;[32m&amp#27;[1mGiven &amp#27;[22mMyshop website open on browser&amp#27;[39m        &amp#27;[90m# Myshop.Compare.myshop_website_open_on_browser()&amp#27;[39m
  &amp#27;[32m✔&amp#27;[39m &amp#27;[32m&amp#27;[1mAnd &amp#27;[22mClick on the product and add to compare&amp#27;[39m &amp#27;[90m# Myshop.Compare.click_on_the_product_and_add_to_compare()&amp#27;[39m
  &amp#27;[32m✔&amp#27;[39m &amp#27;[32m&amp#27;[1mThen &amp#27;[22mCheck the items in the compare&amp#27;[39m         &amp#27;[90m# Myshop.Compare.check_the_items_in_the_compare()&amp#27;[39m
]]></system-out>
    <system-err><![CDATA[Sept 06, 2025 9:40:02 AM org.openqa.selenium.devtools.CdpVersionFinder findNearestMatch
WARNING: Unable to find CDP implementation matching 140
Sept 06, 2025 9:40:02 AM org.openqa.selenium.chromium.ChromiumDriver lambda$new$5
WARNING: Unable to find version of CDP to use for 140.0.7339.80. You may need to include a dependency on a specific version of the CDP using something similar to `org.seleniumhq.selenium:selenium-devtools-v86:4.23.0` where the version ("v86") matches the version of the chromium-based browser you're using and the version number of the artifact is the same as Selenium's.
]]></system-err>
  </testcase>
</testsuite>